<?xml version="1.0" encoding="UTF-8"?>
<testsuite name="ezenweb.controller.BoardControllerTest" tests="1" skipped="0" failures="0" errors="0" timestamp="2022-06-22T04:04:36" hostname="DESKTOP-JUVS72D" time="0.094">
  <properties/>
  <testcase name="save()" classname="ezenweb.controller.BoardControllerTest" time="0.094"/>
  <system-out><![CDATA[13:04:31.183 [Test worker] DEBUG org.springframework.test.context.BootstrapUtils - Instantiating CacheAwareContextLoaderDelegate from class [org.springframework.test.context.cache.DefaultCacheAwareContextLoaderDelegate]
13:04:31.194 [Test worker] DEBUG org.springframework.test.context.BootstrapUtils - Instantiating BootstrapContext using constructor [public org.springframework.test.context.support.DefaultBootstrapContext(java.lang.Class,org.springframework.test.context.CacheAwareContextLoaderDelegate)]
13:04:31.226 [Test worker] DEBUG org.springframework.test.context.BootstrapUtils - Instantiating TestContextBootstrapper for test class [ezenweb.controller.BoardControllerTest] from class [org.springframework.boot.test.context.SpringBootTestContextBootstrapper]
13:04:31.239 [Test worker] INFO org.springframework.boot.test.context.SpringBootTestContextBootstrapper - Neither @ContextConfiguration nor @ContextHierarchy found for test class [ezenweb.controller.BoardControllerTest], using SpringBootContextLoader
13:04:31.243 [Test worker] DEBUG org.springframework.test.context.support.AbstractContextLoader - Did not detect default resource location for test class [ezenweb.controller.BoardControllerTest]: class path resource [ezenweb/controller/BoardControllerTest-context.xml] does not exist
13:04:31.243 [Test worker] DEBUG org.springframework.test.context.support.AbstractContextLoader - Did not detect default resource location for test class [ezenweb.controller.BoardControllerTest]: class path resource [ezenweb/controller/BoardControllerTestContext.groovy] does not exist
13:04:31.243 [Test worker] INFO org.springframework.test.context.support.AbstractContextLoader - Could not detect default resource locations for test class [ezenweb.controller.BoardControllerTest]: no resource found for suffixes {-context.xml, Context.groovy}.
13:04:31.249 [Test worker] INFO org.springframework.test.context.support.AnnotationConfigContextLoaderUtils - Could not detect default configuration classes for test class [ezenweb.controller.BoardControllerTest]: BoardControllerTest does not declare any static, non-private, non-final, nested classes annotated with @Configuration.
13:04:31.293 [Test worker] DEBUG org.springframework.test.context.support.ActiveProfilesUtils - Could not find an 'annotation declaring class' for annotation type [org.springframework.test.context.ActiveProfiles] and class [ezenweb.controller.BoardControllerTest]
13:04:31.378 [Test worker] DEBUG org.springframework.context.annotation.ClassPathScanningCandidateComponentProvider - Identified candidate component class: file [C:\Users\505-t\Desktop\springweb\ezen_web_2022_A_springweb\build\classes\java\main\ezenweb\Application.class]
13:04:31.379 [Test worker] INFO org.springframework.boot.test.context.SpringBootTestContextBootstrapper - Found @SpringBootConfiguration ezenweb.Application for test class ezenweb.controller.BoardControllerTest
13:04:31.475 [Test worker] DEBUG org.springframework.boot.test.context.SpringBootTestContextBootstrapper - @TestExecutionListeners is not present for class [ezenweb.controller.BoardControllerTest]: using defaults.
13:04:31.476 [Test worker] INFO org.springframework.boot.test.context.SpringBootTestContextBootstrapper - Loaded default TestExecutionListener class names from location [META-INF/spring.factories]: [org.springframework.boot.test.autoconfigure.restdocs.RestDocsTestExecutionListener, org.springframework.boot.test.autoconfigure.web.client.MockRestServiceServerResetTestExecutionListener, org.springframework.boot.test.autoconfigure.web.servlet.MockMvcPrintOnlyOnFailureTestExecutionListener, org.springframework.boot.test.autoconfigure.web.servlet.WebDriverTestExecutionListener, org.springframework.boot.test.autoconfigure.webservices.client.MockWebServiceServerTestExecutionListener, org.springframework.boot.test.mock.mockito.MockitoTestExecutionListener, org.springframework.boot.test.mock.mockito.ResetMocksTestExecutionListener, org.springframework.test.context.web.ServletTestExecutionListener, org.springframework.test.context.support.DirtiesContextBeforeModesTestExecutionListener, org.springframework.test.context.event.ApplicationEventsTestExecutionListener, org.springframework.test.context.support.DependencyInjectionTestExecutionListener, org.springframework.test.context.support.DirtiesContextTestExecutionListener, org.springframework.test.context.transaction.TransactionalTestExecutionListener, org.springframework.test.context.jdbc.SqlScriptsTestExecutionListener, org.springframework.test.context.event.EventPublishingTestExecutionListener]
13:04:31.494 [Test worker] INFO org.springframework.boot.test.context.SpringBootTestContextBootstrapper - Using TestExecutionListeners: [org.springframework.test.context.web.ServletTestExecutionListener@1fde5d22, org.springframework.test.context.support.DirtiesContextBeforeModesTestExecutionListener@5dcb4f5f, org.springframework.test.context.event.ApplicationEventsTestExecutionListener@71812481, org.springframework.boot.test.mock.mockito.MockitoTestExecutionListener@16ce702d, org.springframework.boot.test.autoconfigure.SpringBootDependencyInjectionTestExecutionListener@7b94089b, org.springframework.test.context.support.DirtiesContextTestExecutionListener@7ca20101, org.springframework.test.context.transaction.TransactionalTestExecutionListener@47f9738, org.springframework.test.context.jdbc.SqlScriptsTestExecutionListener@6155d082, org.springframework.test.context.event.EventPublishingTestExecutionListener@3a5ecce3, org.springframework.boot.test.autoconfigure.restdocs.RestDocsTestExecutionListener@561868a0, org.springframework.boot.test.autoconfigure.web.client.MockRestServiceServerResetTestExecutionListener@2ea6e30c, org.springframework.boot.test.autoconfigure.web.servlet.MockMvcPrintOnlyOnFailureTestExecutionListener@6138e79a, org.springframework.boot.test.autoconfigure.web.servlet.WebDriverTestExecutionListener@2dcd168a, org.springframework.boot.test.autoconfigure.webservices.client.MockWebServiceServerTestExecutionListener@388526fb, org.springframework.boot.test.mock.mockito.ResetMocksTestExecutionListener@21a21c64]
13:04:31.499 [Test worker] DEBUG org.springframework.test.context.support.AbstractDirtiesContextTestExecutionListener - Before test class: context [DefaultTestContext@4eb386df testClass = BoardControllerTest, testInstance = [null], testMethod = [null], testException = [null], mergedContextConfiguration = [WebMergedContextConfiguration@79517588 testClass = BoardControllerTest, locations = '{}', classes = '{class ezenweb.Application}', contextInitializerClasses = '[]', activeProfiles = '{}', propertySourceLocations = '{}', propertySourceProperties = '{org.springframework.boot.test.context.SpringBootTestContextBootstrapper=true}', contextCustomizers = set[org.springframework.boot.test.autoconfigure.actuate.metrics.MetricsExportContextCustomizerFactory$DisableMetricExportContextCustomizer@8462f31, org.springframework.boot.test.autoconfigure.properties.PropertyMappingContextCustomizer@0, org.springframework.boot.test.autoconfigure.web.servlet.WebDriverContextCustomizerFactory$Customizer@61c4eee0, org.springframework.boot.test.context.filter.ExcludeFilterContextCustomizer@2a693f59, org.springframework.boot.test.json.DuplicateJsonObjectContextCustomizerFactory$DuplicateJsonObjectContextCustomizer@723ca036, org.springframework.boot.test.mock.mockito.MockitoContextCustomizer@0, org.springframework.boot.test.web.client.TestRestTemplateContextCustomizer@5b799640, org.springframework.boot.test.context.SpringBootTestArgs@1, org.springframework.boot.test.context.SpringBootTestWebEnvironment@43301423], resourceBasePath = 'src/main/webapp', contextLoader = 'org.springframework.boot.test.context.SpringBootContextLoader', parent = [null]], attributes = map['org.springframework.test.context.web.ServletTestExecutionListener.activateListener' -> true]], class annotated with @DirtiesContext [false] with mode [null].

  .   ____          _            __ _ _
 /\\ / ___'_ __ _ _(_)_ __  __ _ \ \ \ \
( ( )\___ | '_ | '_| | '_ \/ _` | \ \ \ \
 \\/  ___)| |_)| | | | | || (_| |  ) ) ) )
  '  |____| .__|_| |_|_| |_\__, | / / / /
 =========|_|==============|___/=/_/_/_/
 :: Spring Boot ::                (v2.7.0)

2022-06-22 13:04:31.787  WARN 12676 --- [    Test worker] ory$DuplicateJsonObjectContextCustomizer : 

Found multiple occurrences of org.json.JSONObject on the class path:

	jar:file:/C:/Users/505-t/.gradle/caches/modules-2/files-2.1/org.json/json/20220320/6df2c050972619466f6dcef7654ef9bcc01dfd0/json-20220320.jar!/org/json/JSONObject.class
	jar:file:/C:/Users/505-t/.gradle/caches/modules-2/files-2.1/com.vaadin.external.google/android-json/0.0.20131108.vaadin1/fa26d351fe62a6a17f5cda1287c1c6110dec413f/android-json-0.0.20131108.vaadin1.jar!/org/json/JSONObject.class

You may wish to exclude one of them to ensure predictable runtime behavior

2022-06-22 13:04:31.803  INFO 12676 --- [    Test worker] ezenweb.controller.BoardControllerTest   : Starting BoardControllerTest using Java 1.8.0_281 on DESKTOP-JUVS72D with PID 12676 (started by 505-t in C:\Users\505-t\Desktop\springweb\ezen_web_2022_A_springweb)
2022-06-22 13:04:31.804  INFO 12676 --- [    Test worker] ezenweb.controller.BoardControllerTest   : No active profile set, falling back to 1 default profile: "default"
2022-06-22 13:04:32.418  INFO 12676 --- [    Test worker] .s.d.r.c.RepositoryConfigurationDelegate : Bootstrapping Spring Data JPA repositories in DEFAULT mode.
2022-06-22 13:04:32.499  INFO 12676 --- [    Test worker] .s.d.r.c.RepositoryConfigurationDelegate : Finished Spring Data repository scanning in 71 ms. Found 6 JPA repository interfaces.
2022-06-22 13:04:33.133  INFO 12676 --- [    Test worker] o.hibernate.jpa.internal.util.LogHelper  : HHH000204: Processing PersistenceUnitInfo [name: default]
2022-06-22 13:04:33.193  INFO 12676 --- [    Test worker] org.hibernate.Version                    : HHH000412: Hibernate ORM core version 5.6.9.Final
2022-06-22 13:04:33.389  INFO 12676 --- [    Test worker] o.hibernate.annotations.common.Version   : HCANN000001: Hibernate Commons Annotations {5.1.2.Final}
2022-06-22 13:04:33.519  INFO 12676 --- [    Test worker] com.zaxxer.hikari.HikariDataSource       : HikariPool-1 - Starting...
2022-06-22 13:04:33.995  INFO 12676 --- [    Test worker] com.zaxxer.hikari.HikariDataSource       : HikariPool-1 - Start completed.
2022-06-22 13:04:34.040  INFO 12676 --- [    Test worker] org.hibernate.dialect.Dialect            : HHH000400: Using dialect: org.hibernate.dialect.MySQL8Dialect
2022-06-22 13:04:34.926  INFO 12676 --- [    Test worker] o.h.e.t.j.p.i.JtaPlatformInitiator       : HHH000490: Using JtaPlatform implementation: [org.hibernate.engine.transaction.jta.platform.internal.NoJtaPlatform]
2022-06-22 13:04:34.936  INFO 12676 --- [    Test worker] j.LocalContainerEntityManagerFactoryBean : Initialized JPA EntityManagerFactory for persistence unit 'default'
2022-06-22 13:04:35.762  WARN 12676 --- [    Test worker] JpaBaseConfiguration$JpaWebConfiguration : spring.jpa.open-in-view is enabled by default. Therefore, database queries may be performed during view rendering. Explicitly configure spring.jpa.open-in-view to disable this warning
2022-06-22 13:04:36.452  INFO 12676 --- [    Test worker] ezenweb.controller.BoardControllerTest   : Started BoardControllerTest in 4.918 seconds (JVM running for 6.134)
]]></system-out>
  <system-err><![CDATA[]]></system-err>
</testsuite>
