<?xml version="1.0" encoding="UTF-8"?>
<testsuite name="ezenweb.BoardControllerTest" tests="1" skipped="0" failures="0" errors="0" timestamp="2022-06-23T03:03:31" hostname="DESKTOP-JUVS72D" time="0.248">
  <properties/>
  <testcase name="testsaveservice()" classname="ezenweb.BoardControllerTest" time="0.248"/>
  <system-out><![CDATA[12:03:25.895 [Test worker] DEBUG org.springframework.test.context.BootstrapUtils - Instantiating CacheAwareContextLoaderDelegate from class [org.springframework.test.context.cache.DefaultCacheAwareContextLoaderDelegate]
12:03:25.904 [Test worker] DEBUG org.springframework.test.context.BootstrapUtils - Instantiating BootstrapContext using constructor [public org.springframework.test.context.support.DefaultBootstrapContext(java.lang.Class,org.springframework.test.context.CacheAwareContextLoaderDelegate)]
12:03:25.943 [Test worker] DEBUG org.springframework.test.context.BootstrapUtils - Instantiating TestContextBootstrapper for test class [ezenweb.BoardControllerTest] from class [org.springframework.boot.test.context.SpringBootTestContextBootstrapper]
12:03:25.960 [Test worker] INFO org.springframework.boot.test.context.SpringBootTestContextBootstrapper - Neither @ContextConfiguration nor @ContextHierarchy found for test class [ezenweb.BoardControllerTest], using SpringBootContextLoader
12:03:25.964 [Test worker] DEBUG org.springframework.test.context.support.AbstractContextLoader - Did not detect default resource location for test class [ezenweb.BoardControllerTest]: class path resource [ezenweb/BoardControllerTest-context.xml] does not exist
12:03:25.965 [Test worker] DEBUG org.springframework.test.context.support.AbstractContextLoader - Did not detect default resource location for test class [ezenweb.BoardControllerTest]: class path resource [ezenweb/BoardControllerTestContext.groovy] does not exist
12:03:25.965 [Test worker] INFO org.springframework.test.context.support.AbstractContextLoader - Could not detect default resource locations for test class [ezenweb.BoardControllerTest]: no resource found for suffixes {-context.xml, Context.groovy}.
12:03:25.965 [Test worker] INFO org.springframework.test.context.support.AnnotationConfigContextLoaderUtils - Could not detect default configuration classes for test class [ezenweb.BoardControllerTest]: BoardControllerTest does not declare any static, non-private, non-final, nested classes annotated with @Configuration.
12:03:26.016 [Test worker] DEBUG org.springframework.test.context.support.ActiveProfilesUtils - Could not find an 'annotation declaring class' for annotation type [org.springframework.test.context.ActiveProfiles] and class [ezenweb.BoardControllerTest]
12:03:26.068 [Test worker] DEBUG org.springframework.context.annotation.ClassPathScanningCandidateComponentProvider - Identified candidate component class: file [C:\Users\505-t\Desktop\springweb\ezen_web_2022_A_springweb\build\classes\java\main\ezenweb\Application.class]
12:03:26.069 [Test worker] INFO org.springframework.boot.test.context.SpringBootTestContextBootstrapper - Found @SpringBootConfiguration ezenweb.Application for test class ezenweb.BoardControllerTest
12:03:26.165 [Test worker] DEBUG org.springframework.boot.test.context.SpringBootTestContextBootstrapper - @TestExecutionListeners is not present for class [ezenweb.BoardControllerTest]: using defaults.
12:03:26.165 [Test worker] INFO org.springframework.boot.test.context.SpringBootTestContextBootstrapper - Loaded default TestExecutionListener class names from location [META-INF/spring.factories]: [org.springframework.boot.test.autoconfigure.restdocs.RestDocsTestExecutionListener, org.springframework.boot.test.autoconfigure.web.client.MockRestServiceServerResetTestExecutionListener, org.springframework.boot.test.autoconfigure.web.servlet.MockMvcPrintOnlyOnFailureTestExecutionListener, org.springframework.boot.test.autoconfigure.web.servlet.WebDriverTestExecutionListener, org.springframework.boot.test.autoconfigure.webservices.client.MockWebServiceServerTestExecutionListener, org.springframework.boot.test.mock.mockito.MockitoTestExecutionListener, org.springframework.boot.test.mock.mockito.ResetMocksTestExecutionListener, org.springframework.test.context.web.ServletTestExecutionListener, org.springframework.test.context.support.DirtiesContextBeforeModesTestExecutionListener, org.springframework.test.context.event.ApplicationEventsTestExecutionListener, org.springframework.test.context.support.DependencyInjectionTestExecutionListener, org.springframework.test.context.support.DirtiesContextTestExecutionListener, org.springframework.test.context.transaction.TransactionalTestExecutionListener, org.springframework.test.context.jdbc.SqlScriptsTestExecutionListener, org.springframework.test.context.event.EventPublishingTestExecutionListener]
12:03:26.185 [Test worker] INFO org.springframework.boot.test.context.SpringBootTestContextBootstrapper - Using TestExecutionListeners: [org.springframework.test.context.web.ServletTestExecutionListener@3d1848cc, org.springframework.test.context.support.DirtiesContextBeforeModesTestExecutionListener@7dda48d9, org.springframework.test.context.event.ApplicationEventsTestExecutionListener@6e4566f1, org.springframework.boot.test.mock.mockito.MockitoTestExecutionListener@4b6e2263, org.springframework.boot.test.autoconfigure.SpringBootDependencyInjectionTestExecutionListener@344f4dea, org.springframework.test.context.support.DirtiesContextTestExecutionListener@1b7c473a, org.springframework.test.context.transaction.TransactionalTestExecutionListener@5e4bd84a, org.springframework.test.context.jdbc.SqlScriptsTestExecutionListener@648c94da, org.springframework.test.context.event.EventPublishingTestExecutionListener@2a62b5bc, org.springframework.boot.test.autoconfigure.restdocs.RestDocsTestExecutionListener@53de625d, org.springframework.boot.test.autoconfigure.web.client.MockRestServiceServerResetTestExecutionListener@535779e4, org.springframework.boot.test.autoconfigure.web.servlet.MockMvcPrintOnlyOnFailureTestExecutionListener@53fd0d10, org.springframework.boot.test.autoconfigure.web.servlet.WebDriverTestExecutionListener@6c0d9d86, org.springframework.boot.test.autoconfigure.webservices.client.MockWebServiceServerTestExecutionListener@4ce1d6d0, org.springframework.boot.test.mock.mockito.ResetMocksTestExecutionListener@24111ef1]
12:03:26.188 [Test worker] DEBUG org.springframework.test.context.support.AbstractDirtiesContextTestExecutionListener - Before test class: context [DefaultTestContext@531f4093 testClass = BoardControllerTest, testInstance = [null], testMethod = [null], testException = [null], mergedContextConfiguration = [WebMergedContextConfiguration@62ef27a8 testClass = BoardControllerTest, locations = '{}', classes = '{class ezenweb.Application}', contextInitializerClasses = '[]', activeProfiles = '{}', propertySourceLocations = '{}', propertySourceProperties = '{org.springframework.boot.test.context.SpringBootTestContextBootstrapper=true}', contextCustomizers = set[org.springframework.boot.test.autoconfigure.actuate.metrics.MetricsExportContextCustomizerFactory$DisableMetricExportContextCustomizer@5a59ca5e, org.springframework.boot.test.autoconfigure.properties.PropertyMappingContextCustomizer@4b3fa0b3, org.springframework.boot.test.autoconfigure.web.servlet.WebDriverContextCustomizerFactory$Customizer@43f02ef2, [ImportsContextCustomizer@6436a7db key = [org.springframework.boot.test.autoconfigure.web.servlet.MockMvcAutoConfiguration, org.springframework.boot.test.autoconfigure.web.servlet.MockMvcWebClientAutoConfiguration, org.springframework.boot.test.autoconfigure.web.servlet.MockMvcWebDriverAutoConfiguration, org.springframework.boot.autoconfigure.security.oauth2.client.servlet.OAuth2ClientAutoConfiguration, org.springframework.boot.autoconfigure.security.oauth2.resource.servlet.OAuth2ResourceServerAutoConfiguration, org.springframework.boot.autoconfigure.security.servlet.SecurityAutoConfiguration, org.springframework.boot.autoconfigure.security.servlet.SecurityFilterAutoConfiguration, org.springframework.boot.autoconfigure.security.servlet.UserDetailsServiceAutoConfiguration, org.springframework.boot.test.autoconfigure.web.servlet.MockMvcSecurityConfiguration, org.springframework.boot.test.autoconfigure.web.reactive.WebTestClientAutoConfiguration]], org.springframework.boot.test.context.filter.ExcludeFilterContextCustomizer@23f5b5dc, org.springframework.boot.test.json.DuplicateJsonObjectContextCustomizerFactory$DuplicateJsonObjectContextCustomizer@5db6b9cd, org.springframework.boot.test.mock.mockito.MockitoContextCustomizer@0, org.springframework.boot.test.web.client.TestRestTemplateContextCustomizer@2584b82d, org.springframework.boot.test.context.SpringBootTestArgs@1, org.springframework.boot.test.context.SpringBootTestWebEnvironment@51e5fc98], resourceBasePath = 'src/main/webapp', contextLoader = 'org.springframework.boot.test.context.SpringBootContextLoader', parent = [null]], attributes = map['org.springframework.test.context.web.ServletTestExecutionListener.activateListener' -> true]], class annotated with @DirtiesContext [false] with mode [null].

  .   ____          _            __ _ _
 /\\ / ___'_ __ _ _(_)_ __  __ _ \ \ \ \
( ( )\___ | '_ | '_| | '_ \/ _` | \ \ \ \
 \\/  ___)| |_)| | | | | || (_| |  ) ) ) )
  '  |____| .__|_| |_|_| |_\__, | / / / /
 =========|_|==============|___/=/_/_/_/
 :: Spring Boot ::                (v2.7.0)

2022-06-23 12:03:26.481  WARN 26724 --- [    Test worker] ory$DuplicateJsonObjectContextCustomizer : 

Found multiple occurrences of org.json.JSONObject on the class path:

	jar:file:/C:/Users/505-t/.gradle/caches/modules-2/files-2.1/org.json/json/20220320/6df2c050972619466f6dcef7654ef9bcc01dfd0/json-20220320.jar!/org/json/JSONObject.class
	jar:file:/C:/Users/505-t/.gradle/caches/modules-2/files-2.1/com.vaadin.external.google/android-json/0.0.20131108.vaadin1/fa26d351fe62a6a17f5cda1287c1c6110dec413f/android-json-0.0.20131108.vaadin1.jar!/org/json/JSONObject.class

You may wish to exclude one of them to ensure predictable runtime behavior

2022-06-23 12:03:26.492  INFO 26724 --- [    Test worker] ezenweb.BoardControllerTest              : Starting BoardControllerTest using Java 1.8.0_281 on DESKTOP-JUVS72D with PID 26724 (started by 505-t in C:\Users\505-t\Desktop\springweb\ezen_web_2022_A_springweb)
2022-06-23 12:03:26.492  INFO 26724 --- [    Test worker] ezenweb.BoardControllerTest              : No active profile set, falling back to 1 default profile: "default"
2022-06-23 12:03:27.100  INFO 26724 --- [    Test worker] .s.d.r.c.RepositoryConfigurationDelegate : Bootstrapping Spring Data JPA repositories in DEFAULT mode.
2022-06-23 12:03:27.175  INFO 26724 --- [    Test worker] .s.d.r.c.RepositoryConfigurationDelegate : Finished Spring Data repository scanning in 66 ms. Found 6 JPA repository interfaces.
2022-06-23 12:03:27.806  INFO 26724 --- [    Test worker] com.zaxxer.hikari.HikariDataSource       : HikariPool-1 - Starting...
2022-06-23 12:03:28.059  INFO 26724 --- [    Test worker] com.zaxxer.hikari.HikariDataSource       : HikariPool-1 - Start completed.
2022-06-23 12:03:28.138  INFO 26724 --- [    Test worker] o.hibernate.jpa.internal.util.LogHelper  : HHH000204: Processing PersistenceUnitInfo [name: default]
2022-06-23 12:03:28.212  INFO 26724 --- [    Test worker] org.hibernate.Version                    : HHH000412: Hibernate ORM core version 5.6.9.Final
2022-06-23 12:03:28.448  INFO 26724 --- [    Test worker] o.hibernate.annotations.common.Version   : HCANN000001: Hibernate Commons Annotations {5.1.2.Final}
2022-06-23 12:03:28.620  INFO 26724 --- [    Test worker] org.hibernate.dialect.Dialect            : HHH000400: Using dialect: org.hibernate.dialect.H2Dialect
2022-06-23 12:03:29.465  INFO 26724 --- [    Test worker] o.h.e.t.j.p.i.JtaPlatformInitiator       : HHH000490: Using JtaPlatform implementation: [org.hibernate.engine.transaction.jta.platform.internal.NoJtaPlatform]
2022-06-23 12:03:29.479  INFO 26724 --- [    Test worker] j.LocalContainerEntityManagerFactoryBean : Initialized JPA EntityManagerFactory for persistence unit 'default'
2022-06-23 12:03:30.301  WARN 26724 --- [    Test worker] JpaBaseConfiguration$JpaWebConfiguration : spring.jpa.open-in-view is enabled by default. Therefore, database queries may be performed during view rendering. Explicitly configure spring.jpa.open-in-view to disable this warning
2022-06-23 12:03:30.569  INFO 26724 --- [    Test worker] o.s.b.a.h2.H2ConsoleAutoConfiguration    : H2 console available at '/h2-console'. Database available at 'jdbc:h2:mem:mydb'
2022-06-23 12:03:31.048  INFO 26724 --- [    Test worker] o.s.b.t.m.w.SpringBootMockServletContext : Initializing Spring TestDispatcherServlet ''
2022-06-23 12:03:31.048  INFO 26724 --- [    Test worker] o.s.t.web.servlet.TestDispatcherServlet  : Initializing Servlet ''
2022-06-23 12:03:31.049  INFO 26724 --- [    Test worker] o.s.t.web.servlet.TestDispatcherServlet  : Completed initialization in 0 ms
2022-06-23 12:03:31.067  INFO 26724 --- [    Test worker] ezenweb.BoardControllerTest              : Started BoardControllerTest in 4.844 seconds (JVM running for 6.2)

MockHttpServletRequest:
      HTTP Method = POST
      Request URI = /board/save
       Parameters = {btitle=[테스트제목], bcontent=[테스트내용], category=[자유게시판]}
          Headers = []
             Body = null
    Session Attrs = {login=LoginDto(mno=1, mid=qweqwe, mname=qweqwe)}

Handler:
             Type = ezenweb.controller.BoardController
           Method = ezenweb.controller.BoardController#save(BoardDto)

Async:
    Async started = false
     Async result = null

Resolved Exception:
             Type = null

ModelAndView:
        View name = null
             View = null
            Model = null

FlashMap:
       Attributes = null

MockHttpServletResponse:
           Status = 200
    Error message = null
          Headers = [Content-Type:"application/json"]
     Content type = application/json
             Body = false
    Forwarded URL = null
   Redirected URL = null
          Cookies = []
]]></system-out>
  <system-err><![CDATA[]]></system-err>
</testsuite>
